#
# There is insufficient memory for the Java Runtime Environment to continue.
# Native memory allocation (mmap) failed to map 96468992 bytes for Failed to commit area from 0x0000000710e00000 to 0x0000000716a00000 of length 96468992.
# Possible reasons:
#   The system is out of physical RAM or swap space
#   The process is running with CompressedOops enabled, and the Java Heap may be blocking the growth of the native heap
# Possible solutions:
#   Reduce memory load on the system
#   Increase physical memory or swap space
#   Check if swap backing store is full
#   Decrease Java heap size (-Xmx/-Xms)
#   Decrease number of Java threads
#   Decrease Java thread stack sizes (-Xss)
#   Set larger code cache with -XX:ReservedCodeCacheSize=
#   JVM is running with Zero Based Compressed Oops mode in which the Java heap is
#     placed in the first 32GB address space. The Java Heap base address is the
#     maximum limit for the native heap growth. Please use -XX:HeapBaseMinAddress
#     to set the Java Heap base and to place the Java Heap above 32GB virtual address.
# This output file may be truncated or incomplete.
#
#  Out of Memory Error (./open/src/hotspot/os/windows/os_windows.cpp:3276), pid=1988, tid=9432
#
# JRE version: Java(TM) SE Runtime Environment 18.9 (11.0.13+10) (build 11.0.13+10-LTS-370)
# Java VM: Java HotSpot(TM) 64-Bit Server VM 18.9 (11.0.13+10-LTS-370, mixed mode, tiered, compressed oops, g1 gc, windows-amd64)
# No core dump will be written. Minidumps are not enabled by default on client versions of Windows
#

---------------  S U M M A R Y ------------

Command Line: -XX:TieredStopAtLevel=1 -Xverify:none -Dspring.output.ansi.enabled=always -Dcom.sun.management.jmxremote -Dspring.jmx.enabled=true -Dspring.liveBeansView.mbeanDomain -Dspring.application.admin.enabled=true -javaagent:C:\Program Files\JetBrains\IntelliJ IDEA 2021.3.1\lib\idea_rt.jar=51741:C:\Program Files\JetBrains\IntelliJ IDEA 2021.3.1\bin -Dfile.encoding=UTF-8 com.generali.burritoorderingservice.BurritoOrderingServiceApplication

Host: Intel(R) Core(TM) i7-4790K CPU @ 4.00GHz, 8 cores, 15G,  Windows 7 , 64 bit Build 7601 (6.1.7601.24545)
Time: Thu Feb 10 22:46:50 2022 Pacific Standard Time elapsed time: 1.689502 seconds (0d 0h 0m 1s)

---------------  T H R E A D  ---------------

Current thread (0x0000000025fff000):  VMThread "VM Thread" [stack: 0x0000000026ff0000,0x00000000270f0000] [id=9432]

Stack: [0x0000000026ff0000,0x00000000270f0000]
[error occurred during error reporting (printing stack bounds), id 0xc0000005, EXCEPTION_ACCESS_VIOLATION (0xc0000005) at pc=0x0000000009ef0f2d]

Native frames: (J=compiled Java code, j=interpreted, Vv=VM code, C=native code)
V  [jvm.dll+0x62870a]
V  [jvm.dll+0x761f2f]
V  [jvm.dll+0x7635d9]
V  [jvm.dll+0x763bc5]
V  [jvm.dll+0x763b7b]
V  [jvm.dll+0x627c53]
V  [jvm.dll+0x628308]
C  [ntdll.dll+0x6be9d]
C  [ntdll.dll+0x4040a]
C  [ntdll.dll+0x6b53e]
C  0x0000000009ef0f2d

VM_Operation (0x000000002b18ddb0): G1CollectForAllocation, mode: safepoint, requested by thread 0x000000002926e800


---------------  P R O C E S S  ---------------

Threads class SMR info:
_java_thread_list=0x0000000029a1bd40, length=15, elements={
0x000000000038d000, 0x0000000026005800, 0x000000002600f800, 0x0000000026ac5800,
0x0000000026aca800, 0x0000000026acc000, 0x0000000026ad3000, 0x0000000026ad7000,
0x0000000025fbc800, 0x000000002819d800, 0x0000000028321800, 0x000000002926b800,
0x000000002926e800, 0x00000000299f0800, 0x0000000029a2c800
}

Java Threads: ( => current thread )
  0x000000000038d000 JavaThread "main" [_thread_blocked, id=14476, stack(0x0000000002190000,0x0000000002290000)]
  0x0000000026005800 JavaThread "Reference Handler" daemon [_thread_blocked, id=7192, stack(0x0000000026ea0000,0x0000000026fa0000)]
  0x000000002600f800 JavaThread "Finalizer" daemon [_thread_blocked, id=5560, stack(0x0000000027120000,0x0000000027220000)]
  0x0000000026ac5800 JavaThread "Signal Dispatcher" daemon [_thread_blocked, id=14660, stack(0x0000000027310000,0x0000000027410000)]
  0x0000000026aca800 JavaThread "Attach Listener" daemon [_thread_blocked, id=8944, stack(0x00000000274c0000,0x00000000275c0000)]
  0x0000000026acc000 JavaThread "Service Thread" daemon [_thread_blocked, id=10176, stack(0x0000000027770000,0x0000000027870000)]
  0x0000000026ad3000 JavaThread "C1 CompilerThread0" daemon [_thread_blocked, id=13396, stack(0x0000000027950000,0x0000000027a50000)]
  0x0000000026ad7000 JavaThread "Sweeper thread" daemon [_thread_blocked, id=14548, stack(0x00000000275c0000,0x00000000276c0000)]
  0x0000000025fbc800 JavaThread "Common-Cleaner" daemon [_thread_blocked, id=14368, stack(0x0000000027b70000,0x0000000027c70000)]
  0x000000002819d800 JavaThread "Monitor Ctrl-Break" daemon [_thread_in_native, id=9076, stack(0x0000000027d40000,0x0000000027e40000)]
  0x0000000028321800 JavaThread "RMI TCP Accept-0" daemon [_thread_in_native, id=12712, stack(0x0000000028d50000,0x0000000028e50000)]
  0x000000002926b800 JavaThread "Thread-0" [_thread_blocked, id=4884, stack(0x000000002af50000,0x000000002b050000)]
  0x000000002926e800 JavaThread "restartedMain" [_thread_blocked, id=11152, stack(0x000000002b090000,0x000000002b190000)]
  0x00000000299f0800 JavaThread "RMI TCP Connection(1)-192.168.86.239" daemon [_thread_in_native, id=6256, stack(0x000000002c3b0000,0x000000002c4b0000)]
  0x0000000029a2c800 JavaThread "RMI Scheduler(0)" daemon [_thread_blocked, id=12576, stack(0x000000002c510000,0x000000002c610000)]

Other Threads:
=>0x0000000025fff000 VMThread "VM Thread" [stack: 0x0000000026ff0000,0x00000000270f0000] [id=9432]
  0x000000002834b000 WatcherThread [stack: 0x0000000028ea0000,0x0000000028fa0000] [id=9704]
  0x00000000003a5000 GCTaskThread "GC Thread#0" [stack: 0x0000000019110000,0x0000000019210000] [id=14420]
  0x00000000291b6000 GCTaskThread "GC Thread#1" [stack: 0x000000002a3a0000,0x000000002a4a0000] [id=14408]
  0x00000000291cb000 GCTaskThread "GC Thread#2" [stack: 0x000000002a570000,0x000000002a670000] [id=5788]
  0x00000000291db000 GCTaskThread "GC Thread#3" [stack: 0x000000002a710000,0x000000002a810000] [id=5012]
  0x00000000291db800 GCTaskThread "GC Thread#4" [stack: 0x000000002a8b0000,0x000000002a9b0000] [id=10792]
  0x00000000291d5000 GCTaskThread "GC Thread#5" [stack: 0x000000002ab00000,0x000000002ac00000] [id=13880]
  0x00000000294e2800 GCTaskThread "GC Thread#6" [stack: 0x000000002b980000,0x000000002ba80000] [id=14692]
  0x00000000294e3000 GCTaskThread "GC Thread#7" [stack: 0x000000002baa0000,0x000000002bba0000] [id=5264]
  0x00000000003cf000 ConcurrentGCThread "G1 Main Marker" [stack: 0x0000000023390000,0x0000000023490000] [id=14428]
  0x0000000023154000 ConcurrentGCThread "G1 Conc#0" [stack: 0x00000000235b0000,0x00000000236b0000] [id=14360]
  0x0000000029335800 ConcurrentGCThread "G1 Conc#1" [stack: 0x000000002bc20000,0x000000002bd20000] [id=15308]
  0x0000000025e68800 ConcurrentGCThread "G1 Refine#0" [stack: 0x0000000026170000,0x0000000026270000] [id=11744]
  0x0000000028060800 ConcurrentGCThread "G1 Refine#1" [stack: 0x000000002ad90000,0x000000002ae90000] [id=8148]
  0x0000000025e69000 ConcurrentGCThread "G1 Young RemSet Sampling" [stack: 0x0000000026040000,0x0000000026140000] [id=8932]

Threads with active compile tasks:

VM state:at safepoint (normal execution)

VM Mutex/Monitor currently owned by a thread:  ([mutex/lock_event])
[0x0000000000388f00] Threads_lock - owner thread: 0x0000000025fff000
[0x00000000003896e0] Heap_lock - owner thread: 0x000000002926e800

Heap address: 0x0000000700e00000, size: 4082 MB, Compressed Oops mode: Zero based, Oop shift amount: 3
Narrow klass base: 0x0000000800000000, Narrow klass shift: 0
Compressed class space size: 1073741824 Address: 0x0000000800000000

Heap:
 garbage-first heap   total 356352K, used 15378K [0x0000000700e00000, 0x0000000800000000)
  region size 1024K, 11 young (11264K), 11 survivors (11264K)
 Metaspace       used 30901K, capacity 31984K, committed 32128K, reserved 1077248K
  class space    used 3956K, capacity 4390K, committed 4480K, reserved 1048576K
Heap Regions: E=young(eden), S=young(survivor), O=old, HS=humongous(starts), HC=humongous(continues), CS=collection set, F=free, A=archive, TAMS=top-at-mark-start (previous, next)
|   0|0x0000000700e00000, 0x0000000700f00000, 0x0000000700f00000|100%|HS|  |TAMS 0x0000000700f00000, 0x0000000700e00000| Complete 
|   1|0x0000000700f00000, 0x0000000701000000, 0x0000000701000000|100%| O|  |TAMS 0x0000000701000000, 0x0000000700f00000| Untracked 
|   2|0x0000000701000000, 0x0000000701100000, 0x0000000701100000|100%| O|  |TAMS 0x0000000701100000, 0x0000000701000000| Untracked 
|   3|0x0000000701100000, 0x0000000701200000, 0x0000000701200000|100%| O|  |TAMS 0x0000000701200000, 0x0000000701100000| Untracked 
|   4|0x0000000701200000, 0x00000007012a1000, 0x0000000701300000| 62%| O|  |TAMS 0x00000007012a1000, 0x0000000701200000| Untracked 
|   5|0x0000000701300000, 0x0000000701300000, 0x0000000701400000|  0%| F|  |TAMS 0x0000000701300000, 0x0000000701300000| Untracked 
|   6|0x0000000701400000, 0x0000000701400000, 0x0000000701500000|  0%| F|  |TAMS 0x0000000701400000, 0x0000000701400000| Untracked 
|   7|0x0000000701500000, 0x0000000701500000, 0x0000000701600000|  0%| F|  |TAMS 0x0000000701500000, 0x0000000701500000| Untracked 
|   8|0x0000000701600000, 0x0000000701600000, 0x0000000701700000|  0%| F|  |TAMS 0x0000000701600000, 0x0000000701600000| Untracked 
|   9|0x0000000701700000, 0x0000000701700000, 0x0000000701800000|  0%| F|  |TAMS 0x0000000701700000, 0x0000000701700000| Untracked 
|  10|0x0000000701800000, 0x0000000701800000, 0x0000000701900000|  0%| F|  |TAMS 0x0000000701800000, 0x0000000701800000| Untracked 
|  11|0x0000000701900000, 0x0000000701900000, 0x0000000701a00000|  0%| F|  |TAMS 0x0000000701900000, 0x0000000701900000| Untracked 
|  12|0x0000000701a00000, 0x0000000701a00000, 0x0000000701b00000|  0%| F|  |TAMS 0x0000000701a00000, 0x0000000701a00000| Untracked 
|  13|0x0000000701b00000, 0x0000000701b00000, 0x0000000701c00000|  0%| F|  |TAMS 0x0000000701b00000, 0x0000000701b00000| Untracked 
|  14|0x0000000701c00000, 0x0000000701c00000, 0x0000000701d00000|  0%| F|  |TAMS 0x0000000701c00000, 0x0000000701c00000| Untracked 
|  15|0x0000000701d00000, 0x0000000701d00000, 0x0000000701e00000|  0%| F|  |TAMS 0x0000000701d00000, 0x0000000701d00000| Untracked 
|  16|0x0000000701e00000, 0x0000000701e00000, 0x0000000701f00000|  0%| F|  |TAMS 0x0000000701e00000, 0x0000000701e00000| Untracked 
|  17|0x0000000701f00000, 0x0000000701f00000, 0x0000000702000000|  0%| F|  |TAMS 0x0000000701f00000, 0x0000000701f00000| Untracked 
|  18|0x0000000702000000, 0x0000000702000000, 0x0000000702100000|  0%| F|  |TAMS 0x0000000702000000, 0x0000000702000000| Untracked 
|  19|0x0000000702100000, 0x0000000702100000, 0x0000000702200000|  0%| F|  |TAMS 0x0000000702100000, 0x0000000702100000| Untracked 
|  20|0x0000000702200000, 0x0000000702200000, 0x0000000702300000|  0%| F|  |TAMS 0x0000000702200000, 0x0000000702200000| Untracked 
|  21|0x0000000702300000, 0x0000000702300000, 0x0000000702400000|  0%| F|  |TAMS 0x0000000702300000, 0x0000000702300000| Untracked 
|  22|0x0000000702400000, 0x0000000702400000, 0x0000000702500000|  0%| F|  |TAMS 0x0000000702400000, 0x0000000702400000| Untracked 
|  23|0x0000000702500000, 0x0000000702500000, 0x0000000702600000|  0%| F|  |TAMS 0x0000000702500000, 0x0000000702500000| Untracked 
|  24|0x0000000702600000, 0x0000000702600000, 0x0000000702700000|  0%| F|  |TAMS 0x0000000702600000, 0x0000000702600000| Untracked 
|  25|0x0000000702700000, 0x0000000702700000, 0x0000000702800000|  0%| F|  |TAMS 0x0000000702700000, 0x0000000702700000| Untracked 
|  26|0x0000000702800000, 0x0000000702800000, 0x0000000702900000|  0%| F|  |TAMS 0x0000000702800000, 0x0000000702800000| Untracked 
|  27|0x0000000702900000, 0x0000000702900000, 0x0000000702a00000|  0%| F|  |TAMS 0x0000000702900000, 0x0000000702900000| Untracked 
|  28|0x0000000702a00000, 0x0000000702a00000, 0x0000000702b00000|  0%| F|  |TAMS 0x0000000702a00000, 0x0000000702a00000| Untracked 
|  29|0x0000000702b00000, 0x0000000702b00000, 0x0000000702c00000|  0%| F|  |TAMS 0x0000000702b00000, 0x0000000702b00000| Untracked 
|  30|0x0000000702c00000, 0x0000000702c00000, 0x0000000702d00000|  0%| F|  |TAMS 0x0000000702c00000, 0x0000000702c00000| Untracked 
|  31|0x0000000702d00000, 0x0000000702d00000, 0x0000000702e00000|  0%| F|  |TAMS 0x0000000702d00000, 0x0000000702d00000| Untracked 
|  32|0x0000000702e00000, 0x0000000702e00000, 0x0000000702f00000|  0%| F|  |TAMS 0x0000000702e00000, 0x0000000702e00000| Untracked 
|  33|0x0000000702f00000, 0x0000000702f00000, 0x0000000703000000|  0%| F|  |TAMS 0x0000000702f00000, 0x0000000702f00000| Untracked 
|  34|0x0000000703000000, 0x0000000703000000, 0x0000000703100000|  0%| F|  |TAMS 0x0000000703000000, 0x0000000703000000| Untracked 
|  35|0x0000000703100000, 0x0000000703100000, 0x0000000703200000|  0%| F|  |TAMS 0x0000000703100000, 0x0000000703100000| Untracked 
|  36|0x0000000703200000, 0x0000000703200000, 0x0000000703300000|  0%| F|  |TAMS 0x0000000703200000, 0x0000000703200000| Untracked 
|  37|0x0000000703300000, 0x0000000703300000, 0x0000000703400000|  0%| F|  |TAMS 0x0000000703300000, 0x0000000703300000| Untracked 
|  38|0x0000000703400000, 0x0000000703400000, 0x0000000703500000|  0%| F|  |TAMS 0x0000000703400000, 0x0000000703400000| Untracked 
|  39|0x0000000703500000, 0x0000000703500000, 0x0000000703600000|  0%| F|  |TAMS 0x0000000703500000, 0x0000000703500000| Untracked 
|  40|0x0000000703600000, 0x0000000703600000, 0x0000000703700000|  0%| F|  |TAMS 0x0000000703600000, 0x0000000703600000| Untracked 
|  41|0x0000000703700000, 0x0000000703700000, 0x0000000703800000|  0%| F|  |TAMS 0x0000000703700000, 0x0000000703700000| Untracked 
|  42|0x0000000703800000, 0x0000000703800000, 0x0000000703900000|  0%| F|  |TAMS 0x0000000703800000, 0x0000000703800000| Untracked 
|  43|0x0000000703900000, 0x0000000703900000, 0x0000000703a00000|  0%| F|  |TAMS 0x0000000703900000, 0x0000000703900000| Untracked 
|  44|0x0000000703a00000, 0x0000000703a00000, 0x0000000703b00000|  0%| F|  |TAMS 0x0000000703a00000, 0x0000000703a00000| Untracked 
|  45|0x0000000703b00000, 0x0000000703b00000, 0x0000000703c00000|  0%| F|  |TAMS 0x0000000703b00000, 0x0000000703b00000| Untracked 
|  46|0x0000000703c00000, 0x0000000703c00000, 0x0000000703d00000|  0%| F|  |TAMS 0x0000000703c00000, 0x0000000703c00000| Untracked 
|  47|0x0000000703d00000, 0x0000000703d00000, 0x0000000703e00000|  0%| F|  |TAMS 0x0000000703d00000, 0x0000000703d00000| Untracked 
|  48|0x0000000703e00000, 0x0000000703e00000, 0x0000000703f00000|  0%| F|  |TAMS 0x0000000703e00000, 0x0000000703e00000| Untracked 
|  49|0x0000000703f00000, 0x0000000703f00000, 0x0000000704000000|  0%| F|  |TAMS 0x0000000703f00000, 0x0000000703f00000| Untracked 
|  50|0x0000000704000000, 0x0000000704000000, 0x0000000704100000|  0%| F|  |TAMS 0x0000000704000000, 0x0000000704000000| Untracked 
|  51|0x0000000704100000, 0x0000000704100000, 0x0000000704200000|  0%| F|  |TAMS 0x0000000704100000, 0x0000000704100000| Untracked 
|  52|0x0000000704200000, 0x0000000704200000, 0x0000000704300000|  0%| F|  |TAMS 0x0000000704200000, 0x0000000704200000| Untracked 
|  53|0x0000000704300000, 0x0000000704300000, 0x0000000704400000|  0%| F|  |TAMS 0x0000000704300000, 0x0000000704300000| Untracked 
|  54|0x0000000704400000, 0x0000000704400000, 0x0000000704500000|  0%| F|  |TAMS 0x0000000704400000, 0x0000000704400000| Untracked 
|  55|0x0000000704500000, 0x0000000704500000, 0x0000000704600000|  0%| F|  |TAMS 0x0000000704500000, 0x0000000704500000| Untracked 
|  56|0x0000000704600000, 0x0000000704600000, 0x0000000704700000|  0%| F|  |TAMS 0x0000000704600000, 0x0000000704600000| Untracked 
|  57|0x0000000704700000, 0x0000000704700000, 0x0000000704800000|  0%| F|  |TAMS 0x0000000704700000, 0x0000000704700000| Untracked 
|  58|0x0000000704800000, 0x0000000704800000, 0x0000000704900000|  0%| F|  |TAMS 0x0000000704800000, 0x0000000704800000| Untracked 
|  59|0x0000000704900000, 0x0000000704900000, 0x0000000704a00000|  0%| F|  |TAMS 0x0000000704900000, 0x0000000704900000| Untracked 
|  60|0x0000000704a00000, 0x0000000704a00000, 0x0000000704b00000|  0%| F|  |TAMS 0x0000000704a00000, 0x0000000704a00000| Untracked 
|  61|0x0000000704b00000, 0x0000000704b00000, 0x0000000704c00000|  0%| F|  |TAMS 0x0000000704b00000, 0x0000000704b00000| Untracked 
|  62|0x0000000704c00000, 0x0000000704c00000, 0x0000000704d00000|  0%| F|  |TAMS 0x0000000704c00000, 0x0000000704c00000| Untracked 
|  63|0x0000000704d00000, 0x0000000704d00000, 0x0000000704e00000|  0%| F|  |TAMS 0x0000000704d00000, 0x0000000704d00000| Untracked 
|  64|0x0000000704e00000, 0x0000000704e00000, 0x0000000704f00000|  0%| F|  |TAMS 0x0000000704e00000, 0x0000000704e00000| Untracked 
|  65|0x0000000704f00000, 0x0000000704f00000, 0x0000000705000000|  0%| F|  |TAMS 0x0000000704f00000, 0x0000000704f00000| Untracked 
|  66|0x0000000705000000, 0x0000000705000000, 0x0000000705100000|  0%| F|  |TAMS 0x0000000705000000, 0x0000000705000000| Untracked 
|  67|0x0000000705100000, 0x0000000705100000, 0x0000000705200000|  0%| F|  |TAMS 0x0000000705100000, 0x0000000705100000| Untracked 
|  68|0x0000000705200000, 0x0000000705200000, 0x0000000705300000|  0%| F|  |TAMS 0x0000000705200000, 0x0000000705200000| Untracked 
|  69|0x0000000705300000, 0x0000000705300000, 0x0000000705400000|  0%| F|  |TAMS 0x0000000705300000, 0x0000000705300000| Untracked 
|  70|0x0000000705400000, 0x0000000705400000, 0x0000000705500000|  0%| F|  |TAMS 0x0000000705400000, 0x0000000705400000| Untracked 
|  71|0x0000000705500000, 0x0000000705500000, 0x0000000705600000|  0%| F|  |TAMS 0x0000000705500000, 0x0000000705500000| Untracked 
|  72|0x0000000705600000, 0x0000000705600000, 0x0000000705700000|  0%| F|  |TAMS 0x0000000705600000, 0x0000000705600000| Untracked 
|  73|0x0000000705700000, 0x0000000705700000, 0x0000000705800000|  0%| F|  |TAMS 0x0000000705700000, 0x0000000705700000| Untracked 
|  74|0x0000000705800000, 0x0000000705800000, 0x0000000705900000|  0%| F|  |TAMS 0x0000000705800000, 0x0000000705800000| Untracked 
|  75|0x0000000705900000, 0x0000000705900000, 0x0000000705a00000|  0%| F|  |TAMS 0x0000000705900000, 0x0000000705900000| Untracked 
|  76|0x0000000705a00000, 0x0000000705a00000, 0x0000000705b00000|  0%| F|  |TAMS 0x0000000705a00000, 0x0000000705a00000| Untracked 
|  77|0x0000000705b00000, 0x0000000705b00000, 0x0000000705c00000|  0%| F|  |TAMS 0x0000000705b00000, 0x0000000705b00000| Untracked 
|  78|0x0000000705c00000, 0x0000000705c00000, 0x0000000705d00000|  0%| F|  |TAMS 0x0000000705c00000, 0x0000000705c00000| Untracked 
|  79|0x0000000705d00000, 0x0000000705d00000, 0x0000000705e00000|  0%| F|  |TAMS 0x0000000705d00000, 0x0000000705d00000| Untracked 
|  80|0x0000000705e00000, 0x0000000705e00000, 0x0000000705f00000|  0%| F|  |TAMS 0x0000000705e00000, 0x0000000705e00000| Untracked 
|  81|0x0000000705f00000, 0x0000000705f00000, 0x0000000706000000|  0%| F|  |TAMS 0x0000000705f00000, 0x0000000705f00000| Untracked 
|  82|0x0000000706000000, 0x0000000706000000, 0x0000000706100000|  0%| F|  |TAMS 0x0000000706000000, 0x0000000706000000| Untracked 
|  83|0x0000000706100000, 0x0000000706100000, 0x0000000706200000|  0%| F|  |TAMS 0x0000000706100000, 0x0000000706100000| Untracked 
|  84|0x0000000706200000, 0x0000000706200000, 0x0000000706300000|  0%| F|  |TAMS 0x0000000706200000, 0x0000000706200000| Untracked 
|  85|0x0000000706300000, 0x0000000706300000, 0x0000000706400000|  0%| F|  |TAMS 0x0000000706300000, 0x0000000706300000| Untracked 
|  86|0x0000000706400000, 0x0000000706400000, 0x0000000706500000|  0%| F|  |TAMS 0x0000000706400000, 0x0000000706400000| Untracked 
|  87|0x0000000706500000, 0x0000000706500000, 0x0000000706600000|  0%| F|  |TAMS 0x0000000706500000, 0x0000000706500000| Untracked 
|  88|0x0000000706600000, 0x0000000706600000, 0x0000000706700000|  0%| F|  |TAMS 0x0000000706600000, 0x0000000706600000| Untracked 
|  89|0x0000000706700000, 0x0000000706700000, 0x0000000706800000|  0%| F|  |TAMS 0x0000000706700000, 0x0000000706700000| Untracked 
|  90|0x0000000706800000, 0x0000000706800000, 0x0000000706900000|  0%| F|  |TAMS 0x0000000706800000, 0x0000000706800000| Untracked 
|  91|0x0000000706900000, 0x0000000706900000, 0x0000000706a00000|  0%| F|  |TAMS 0x0000000706900000, 0x0000000706900000| Untracked 
|  92|0x0000000706a00000, 0x0000000706a00000, 0x0000000706b00000|  0%| F|  |TAMS 0x0000000706a00000, 0x0000000706a00000| Untracked 
|  93|0x0000000706b00000, 0x0000000706b00000, 0x0000000706c00000|  0%| F|  |TAMS 0x0000000706b00000, 0x0000000706b00000| Untracked 
|  94|0x0000000706c00000, 0x0000000706c00000, 0x0000000706d00000|  0%| F|  |TAMS 0x0000000706c00000, 0x0000000706c00000| Untracked 
|  95|0x0000000706d00000, 0x0000000706d00000, 0x0000000706e00000|  0%| F|  |TAMS 0x0000000706d00000, 0x0000000706d00000| Untracked 
|  96|0x0000000706e00000, 0x0000000706e00000, 0x0000000706f00000|  0%| F|  |TAMS 0x0000000706e00000, 0x0000000706e00000| Untracked 
|  97|0x0000000706f00000, 0x0000000706f00000, 0x0000000707000000|  0%| F|  |TAMS 0x0000000706f00000, 0x0000000706f00000| Untracked 
|  98|0x0000000707000000, 0x0000000707000000, 0x0000000707100000|  0%| F|  |TAMS 0x0000000707000000, 0x0000000707000000| Untracked 
|  99|0x0000000707100000, 0x0000000707100000, 0x0000000707200000|  0%| F|  |TAMS 0x0000000707100000, 0x0000000707100000| Untracked 
| 100|0x0000000707200000, 0x0000000707200000, 0x0000000707300000|  0%| F|  |TAMS 0x0000000707200000, 0x0000000707200000| Untracked 
| 101|0x0000000707300000, 0x0000000707300000, 0x0000000707400000|  0%| F|  |TAMS 0x0000000707300000, 0x0000000707300000| Untracked 
| 102|0x0000000707400000, 0x0000000707400000, 0x0000000707500000|  0%| F|  |TAMS 0x0000000707400000, 0x0000000707400000| Untracked 
| 103|0x0000000707500000, 0x0000000707500000, 0x0000000707600000|  0%| F|  |TAMS 0x0000000707500000, 0x0000000707500000| Untracked 
| 104|0x0000000707600000, 0x0000000707600000, 0x0000000707700000|  0%| F|  |TAMS 0x0000000707600000, 0x0000000707600000| Untracked 
| 105|0x0000000707700000, 0x0000000707700000, 0x0000000707800000|  0%| F|  |TAMS 0x0000000707700000, 0x0000000707700000| Untracked 
| 106|0x0000000707800000, 0x0000000707800000, 0x0000000707900000|  0%| F|  |TAMS 0x0000000707800000, 0x0000000707800000| Untracked 
| 107|0x0000000707900000, 0x0000000707900000, 0x0000000707a00000|  0%| F|  |TAMS 0x0000000707900000, 0x0000000707900000| Untracked 
| 108|0x0000000707a00000, 0x0000000707a00000, 0x0000000707b00000|  0%| F|  |TAMS 0x0000000707a00000, 0x0000000707a00000| Untracked 
| 109|0x0000000707b00000, 0x0000000707b00000, 0x0000000707c00000|  0%| F|  |TAMS 0x0000000707b00000, 0x0000000707b00000| Untracked 
| 110|0x0000000707c00000, 0x0000000707c00000, 0x0000000707d00000|  0%| F|  |TAMS 0x0000000707c00000, 0x0000000707c00000| Untracked 
| 111|0x0000000707d00000, 0x0000000707d00000, 0x0000000707e00000|  0%| F|  |TAMS 0x0000000707d00000, 0x0000000707d00000| Untracked 
| 112|0x0000000707e00000, 0x0000000707e00000, 0x0000000707f00000|  0%| F|  |TAMS 0x0000000707e00000, 0x0000000707e00000| Untracked 
| 113|0x0000000707f00000, 0x0000000707f00000, 0x0000000708000000|  0%| F|  |TAMS 0x0000000707f00000, 0x0000000707f00000| Untracked 
| 114|0x0000000708000000, 0x0000000708000000, 0x0000000708100000|  0%| F|  |TAMS 0x0000000708000000, 0x0000000708000000| Untracked 
| 115|0x0000000708100000, 0x0000000708100000, 0x0000000708200000|  0%| F|  |TAMS 0x0000000708100000, 0x0000000708100000| Untracked 
| 116|0x0000000708200000, 0x0000000708200000, 0x0000000708300000|  0%| F|  |TAMS 0x0000000708200000, 0x0000000708200000| Untracked 
| 117|0x0000000708300000, 0x0000000708300000, 0x0000000708400000|  0%| F|  |TAMS 0x0000000708300000, 0x0000000708300000| Untracked 
| 118|0x0000000708400000, 0x0000000708400000, 0x0000000708500000|  0%| F|  |TAMS 0x0000000708400000, 0x0000000708400000| Untracked 
| 119|0x0000000708500000, 0x0000000708500000, 0x0000000708600000|  0%| F|  |TAMS 0x0000000708500000, 0x0000000708500000| Untracked 
| 120|0x0000000708600000, 0x0000000708600000, 0x0000000708700000|  0%| F|  |TAMS 0x0000000708600000, 0x0000000708600000| Untracked 
| 121|0x0000000708700000, 0x0000000708700000, 0x0000000708800000|  0%| F|  |TAMS 0x0000000708700000, 0x0000000708700000| Untracked 
| 122|0x0000000708800000, 0x0000000708800000, 0x0000000708900000|  0%| F|  |TAMS 0x0000000708800000, 0x0000000708800000| Untracked 
| 123|0x0000000708900000, 0x0000000708900000, 0x0000000708a00000|  0%| F|  |TAMS 0x0000000708900000, 0x0000000708900000| Untracked 
| 124|0x0000000708a00000, 0x0000000708a00000, 0x0000000708b00000|  0%| F|  |TAMS 0x0000000708a00000, 0x0000000708a00000| Untracked 
| 125|0x0000000708b00000, 0x0000000708b00000, 0x0000000708c00000|  0%| F|  |TAMS 0x0000000708b00000, 0x0000000708b00000| Untracked 
| 126|0x0000000708c00000, 0x0000000708c00000, 0x0000000708d00000|  0%| F|  |TAMS 0x0000000708c00000, 0x0000000708c00000| Untracked 
| 127|0x0000000708d00000, 0x0000000708d00000, 0x0000000708e00000|  0%| F|  |TAMS 0x0000000708d00000, 0x0000000708d00000| Untracked 
| 128|0x0000000708e00000, 0x0000000708e00000, 0x0000000708f00000|  0%| F|  |TAMS 0x0000000708e00000, 0x0000000708e00000| Untracked 
| 129|0x0000000708f00000, 0x0000000708f00000, 0x0000000709000000|  0%| F|  |TAMS 0x0000000708f00000, 0x0000000708f00000| Untracked 
| 130|0x0000000709000000, 0x0000000709000000, 0x0000000709100000|  0%| F|  |TAMS 0x0000000709000000, 0x0000000709000000| Untracked 
| 131|0x0000000709100000, 0x0000000709100000, 0x0000000709200000|  0%| F|  |TAMS 0x0000000709100000, 0x0000000709100000| Untracked 
| 132|0x0000000709200000, 0x0000000709200000, 0x0000000709300000|  0%| F|  |TAMS 0x0000000709200000, 0x0000000709200000| Untracked 
| 133|0x0000000709300000, 0x0000000709300000, 0x0000000709400000|  0%| F|  |TAMS 0x0000000709300000, 0x0000000709300000| Untracked 
| 134|0x0000000709400000, 0x0000000709400000, 0x0000000709500000|  0%| F|  |TAMS 0x0000000709400000, 0x0000000709400000| Untracked 
| 135|0x0000000709500000, 0x0000000709500000, 0x0000000709600000|  0%| F|  |TAMS 0x0000000709500000, 0x0000000709500000| Untracked 
| 136|0x0000000709600000, 0x0000000709600000, 0x0000000709700000|  0%| F|  |TAMS 0x0000000709600000, 0x0000000709600000| Untracked 
| 137|0x0000000709700000, 0x0000000709700000, 0x0000000709800000|  0%| F|  |TAMS 0x0000000709700000, 0x0000000709700000| Untracked 
| 138|0x0000000709800000, 0x0000000709800000, 0x0000000709900000|  0%| F|  |TAMS 0x0000000709800000, 0x0000000709800000| Untracked 
| 139|0x0000000709900000, 0x0000000709900000, 0x0000000709a00000|  0%| F|  |TAMS 0x0000000709900000, 0x0000000709900000| Untracked 
| 140|0x0000000709a00000, 0x0000000709a63978, 0x0000000709b00000| 38%| S|CS|TAMS 0x0000000709a00000, 0x0000000709a00000| Complete 
| 141|0x0000000709b00000, 0x0000000709c00000, 0x0000000709c00000|100%| S|CS|TAMS 0x0000000709b00000, 0x0000000709b00000| Complete 
| 142|0x0000000709c00000, 0x0000000709d00000, 0x0000000709d00000|100%| S|CS|TAMS 0x0000000709c00000, 0x0000000709c00000| Complete 
| 143|0x0000000709d00000, 0x0000000709e00000, 0x0000000709e00000|100%| S|CS|TAMS 0x0000000709d00000, 0x0000000709d00000| Complete 
| 144|0x0000000709e00000, 0x0000000709f00000, 0x0000000709f00000|100%| S|CS|TAMS 0x0000000709e00000, 0x0000000709e00000| Complete 
| 145|0x0000000709f00000, 0x000000070a000000, 0x000000070a000000|100%| S|CS|TAMS 0x0000000709f00000, 0x0000000709f00000| Complete 
| 146|0x000000070a000000, 0x000000070a100000, 0x000000070a100000|100%| S|CS|TAMS 0x000000070a000000, 0x000000070a000000| Complete 
| 147|0x000000070a100000, 0x000000070a200000, 0x000000070a200000|100%| S|CS|TAMS 0x000000070a100000, 0x000000070a100000| Complete 
| 148|0x000000070a200000, 0x000000070a300000, 0x000000070a300000|100%| S|CS|TAMS 0x000000070a200000, 0x000000070a200000| Complete 
| 149|0x000000070a300000, 0x000000070a400000, 0x000000070a400000|100%| S|CS|TAMS 0x000000070a300000, 0x000000070a300000| Complete 
| 150|0x000000070a400000, 0x000000070a500000, 0x000000070a500000|100%| S|CS|TAMS 0x000000070a400000, 0x000000070a400000| Complete 
| 151|0x000000070a500000, 0x000000070a500000, 0x000000070a600000|  0%| F|  |TAMS 0x000000070a500000, 0x000000070a500000| Untracked 
| 152|0x000000070a600000, 0x000000070a600000, 0x000000070a700000|  0%| F|  |TAMS 0x000000070a600000, 0x000000070a600000| Untracked 
| 153|0x000000070a700000, 0x000000070a700000, 0x000000070a800000|  0%| F|  |TAMS 0x000000070a700000, 0x000000070a700000| Untracked 
| 154|0x000000070a800000, 0x000000070a800000, 0x000000070a900000|  0%| F|  |TAMS 0x000000070a800000, 0x000000070a800000| Untracked 
| 155|0x000000070a900000, 0x000000070a900000, 0x000000070aa00000|  0%| F|  |TAMS 0x000000070a900000, 0x000000070a900000| Untracked 
| 156|0x000000070aa00000, 0x000000070aa00000, 0x000000070ab00000|  0%| F|  |TAMS 0x000000070aa00000, 0x000000070aa00000| Untracked 
| 157|0x000000070ab00000, 0x000000070ab00000, 0x000000070ac00000|  0%| F|  |TAMS 0x000000070ab00000, 0x000000070ab00000| Untracked 
| 158|0x000000070ac00000, 0x000000070ac00000, 0x000000070ad00000|  0%| F|  |TAMS 0x000000070ac00000, 0x000000070ac00000| Untracked 
| 159|0x000000070ad00000, 0x000000070ad00000, 0x000000070ae00000|  0%| F|  |TAMS 0x000000070ad00000, 0x000000070ad00000| Untracked 
| 160|0x000000070ae00000, 0x000000070ae00000, 0x000000070af00000|  0%| F|  |TAMS 0x000000070ae00000, 0x000000070ae00000| Untracked 
| 161|0x000000070af00000, 0x000000070af00000, 0x000000070b000000|  0%| F|  |TAMS 0x000000070af00000, 0x000000070af00000| Untracked 
| 162|0x000000070b000000, 0x000000070b000000, 0x000000070b100000|  0%| F|  |TAMS 0x000000070b000000, 0x000000070b000000| Untracked 
| 163|0x000000070b100000, 0x000000070b100000, 0x000000070b200000|  0%| F|  |TAMS 0x000000070b100000, 0x000000070b100000| Untracked 
| 164|0x000000070b200000, 0x000000070b200000, 0x000000070b300000|  0%| F|  |TAMS 0x000000070b200000, 0x000000070b200000| Untracked 
| 165|0x000000070b300000, 0x000000070b300000, 0x000000070b400000|  0%| F|  |TAMS 0x000000070b300000, 0x000000070b300000| Untracked 
| 166|0x000000070b400000, 0x000000070b400000, 0x000000070b500000|  0%| F|  |TAMS 0x000000070b400000, 0x000000070b400000| Untracked 
| 167|0x000000070b500000, 0x000000070b500000, 0x000000070b600000|  0%| F|  |TAMS 0x000000070b500000, 0x000000070b500000| Untracked 
| 168|0x000000070b600000, 0x000000070b600000, 0x000000070b700000|  0%| F|  |TAMS 0x000000070b600000, 0x000000070b600000| Untracked 
| 169|0x000000070b700000, 0x000000070b700000, 0x000000070b800000|  0%| F|  |TAMS 0x000000070b700000, 0x000000070b700000| Untracked 
| 170|0x000000070b800000, 0x000000070b800000, 0x000000070b900000|  0%| F|  |TAMS 0x000000070b800000, 0x000000070b800000| Untracked 
| 171|0x000000070b900000, 0x000000070b900000, 0x000000070ba00000|  0%| F|  |TAMS 0x000000070b900000, 0x000000070b900000| Untracked 
| 172|0x000000070ba00000, 0x000000070ba00000, 0x000000070bb00000|  0%| F|  |TAMS 0x000000070ba00000, 0x000000070ba00000| Untracked 
| 173|0x000000070bb00000, 0x000000070bb00000, 0x000000070bc00000|  0%| F|  |TAMS 0x000000070bb00000, 0x000000070bb00000| Untracked 
| 174|0x000000070bc00000, 0x000000070bc00000, 0x000000070bd00000|  0%| F|  |TAMS 0x000000070bc00000, 0x000000070bc00000| Untracked 
| 175|0x000000070bd00000, 0x000000070bd00000, 0x000000070be00000|  0%| F|  |TAMS 0x000000070bd00000, 0x000000070bd00000| Untracked 
| 176|0x000000070be00000, 0x000000070be00000, 0x000000070bf00000|  0%| F|  |TAMS 0x000000070be00000, 0x000000070be00000| Untracked 
| 177|0x000000070bf00000, 0x000000070bf00000, 0x000000070c000000|  0%| F|  |TAMS 0x000000070bf00000, 0x000000070bf00000| Untracked 
| 178|0x000000070c000000, 0x000000070c000000, 0x000000070c100000|  0%| F|  |TAMS 0x000000070c000000, 0x000000070c000000| Untracked 
| 179|0x000000070c100000, 0x000000070c100000, 0x000000070c200000|  0%| F|  |TAMS 0x000000070c100000, 0x000000070c100000| Untracked 
| 180|0x000000070c200000, 0x000000070c200000, 0x000000070c300000|  0%| F|  |TAMS 0x000000070c200000, 0x000000070c200000| Untracked 
| 181|0x000000070c300000, 0x000000070c300000, 0x000000070c400000|  0%| F|  |TAMS 0x000000070c300000, 0x000000070c300000| Untracked 
| 182|0x000000070c400000, 0x000000070c400000, 0x000000070c500000|  0%| F|  |TAMS 0x000000070c400000, 0x000000070c400000| Untracked 
| 183|0x000000070c500000, 0x000000070c500000, 0x000000070c600000|  0%| F|  |TAMS 0x000000070c500000, 0x000000070c500000| Untracked 
| 184|0x000000070c600000, 0x000000070c600000, 0x000000070c700000|  0%| F|  |TAMS 0x000000070c600000, 0x000000070c600000| Untracked 
| 185|0x000000070c700000, 0x000000070c700000, 0x000000070c800000|  0%| F|  |TAMS 0x000000070c700000, 0x000000070c700000| Untracked 
| 186|0x000000070c800000, 0x000000070c800000, 0x000000070c900000|  0%| F|  |TAMS 0x000000070c800000, 0x000000070c800000| Untracked 
| 187|0x000000070c900000, 0x000000070c900000, 0x000000070ca00000|  0%| F|  |TAMS 0x000000070c900000, 0x000000070c900000| Untracked 
| 188|0x000000070ca00000, 0x000000070ca00000, 0x000000070cb00000|  0%| F|  |TAMS 0x000000070ca00000, 0x000000070ca00000| Untracked 
| 189|0x000000070cb00000, 0x000000070cb00000, 0x000000070cc00000|  0%| F|  |TAMS 0x000000070cb00000, 0x000000070cb00000| Untracked 
| 190|0x000000070cc00000, 0x000000070cc00000, 0x000000070cd00000|  0%| F|  |TAMS 0x000000070cc00000, 0x000000070cc00000| Untracked 
| 191|0x000000070cd00000, 0x000000070cd00000, 0x000000070ce00000|  0%| F|  |TAMS 0x000000070cd00000, 0x000000070cd00000| Untracked 
| 192|0x000000070ce00000, 0x000000070ce00000, 0x000000070cf00000|  0%| F|  |TAMS 0x000000070ce00000, 0x000000070ce00000| Untracked 
| 193|0x000000070cf00000, 0x000000070cf00000, 0x000000070d000000|  0%| F|  |TAMS 0x000000070cf00000, 0x000000070cf00000| Untracked 
| 194|0x000000070d000000, 0x000000070d000000, 0x000000070d100000|  0%| F|  |TAMS 0x000000070d000000, 0x000000070d000000| Untracked 
| 195|0x000000070d100000, 0x000000070d100000, 0x000000070d200000|  0%| F|  |TAMS 0x000000070d100000, 0x000000070d100000| Untracked 
| 196|0x000000070d200000, 0x000000070d200000, 0x000000070d300000|  0%| F|  |TAMS 0x000000070d200000, 0x000000070d200000| Untracked 
| 197|0x000000070d300000, 0x000000070d300000, 0x000000070d400000|  0%| F|  |TAMS 0x000000070d300000, 0x000000070d300000| Untracked 
| 198|0x000000070d400000, 0x000000070d400000, 0x000000070d500000|  0%| F|  |TAMS 0x000000070d400000, 0x000000070d400000| Untracked 
| 199|0x000000070d500000, 0x000000070d500000, 0x000000070d600000|  0%| F|  |TAMS 0x000000070d500000, 0x000000070d500000| Untracked 
| 200|0x000000070d600000, 0x000000070d600000, 0x000000070d700000|  0%| F|  |TAMS 0x000000070d600000, 0x000000070d600000| Untracked 
| 201|0x000000070d700000, 0x000000070d700000, 0x000000070d800000|  0%| F|  |TAMS 0x000000070d700000, 0x000000070d700000| Untracked 
| 202|0x000000070d800000, 0x000000070d800000, 0x000000070d900000|  0%| F|  |TAMS 0x000000070d800000, 0x000000070d800000| Untracked 
| 203|0x000000070d900000, 0x000000070d900000, 0x000000070da00000|  0%| F|  |TAMS 0x000000070d900000, 0x000000070d900000| Untracked 
| 204|0x000000070da00000, 0x000000070da00000, 0x000000070db00000|  0%| F|  |TAMS 0x000000070da00000, 0x000000070da00000| Untracked 
| 205|0x000000070db00000, 0x000000070db00000, 0x000000070dc00000|  0%| F|  |TAMS 0x000000070db00000, 0x000000070db00000| Untracked 
| 206|0x000000070dc00000, 0x000000070dc00000, 0x000000070dd00000|  0%| F|  |TAMS 0x000000070dc00000, 0x000000070dc00000| Untracked 
| 207|0x000000070dd00000, 0x000000070dd00000, 0x000000070de00000|  0%| F|  |TAMS 0x000000070dd00000, 0x000000070dd00000| Untracked 
| 208|0x000000070de00000, 0x000000070de00000, 0x000000070df00000|  0%| F|  |TAMS 0x000000070de00000, 0x000000070de00000| Untracked 
| 209|0x000000070df00000, 0x000000070df00000, 0x000000070e000000|  0%| F|  |TAMS 0x000000070df00000, 0x000000070df00000| Untracked 
| 210|0x000000070e000000, 0x000000070e000000, 0x000000070e100000|  0%| F|  |TAMS 0x000000070e000000, 0x000000070e000000| Untracked 
| 211|0x000000070e100000, 0x000000070e100000, 0x000000070e200000|  0%| F|  |TAMS 0x000000070e100000, 0x000000070e100000| Untracked 
| 212|0x000000070e200000, 0x000000070e200000, 0x000000070e300000|  0%| F|  |TAMS 0x000000070e200000, 0x000000070e200000| Untracked 
| 213|0x000000070e300000, 0x000000070e300000, 0x000000070e400000|  0%| F|  |TAMS 0x000000070e300000, 0x000000070e300000| Untracked 
| 214|0x000000070e400000, 0x000000070e400000, 0x000000070e500000|  0%| F|  |TAMS 0x000000070e400000, 0x000000070e400000| Untracked 
| 215|0x000000070e500000, 0x000000070e500000, 0x000000070e600000|  0%| F|  |TAMS 0x000000070e500000, 0x000000070e500000| Untracked 
| 216|0x000000070e600000, 0x000000070e600000, 0x000000070e700000|  0%| F|  |TAMS 0x000000070e600000, 0x000000070e600000| Untracked 
| 217|0x000000070e700000, 0x000000070e700000, 0x000000070e800000|  0%| F|  |TAMS 0x000000070e700000, 0x000000070e700000| Untracked 
| 218|0x000000070e800000, 0x000000070e800000, 0x000000070e900000|  0%| F|  |TAMS 0x000000070e800000, 0x000000070e800000| Untracked 
| 219|0x000000070e900000, 0x000000070e900000, 0x000000070ea00000|  0%| F|  |TAMS 0x000000070e900000, 0x000000070e900000| Untracked 
| 220|0x000000070ea00000, 0x000000070ea00000, 0x000000070eb00000|  0%| F|  |TAMS 0x000000070ea00000, 0x000000070ea00000| Untracked 
| 221|0x000000070eb00000, 0x000000070eb00000, 0x000000070ec00000|  0%| F|  |TAMS 0x000000070eb00000, 0x000000070eb00000| Untracked 
| 222|0x000000070ec00000, 0x000000070ec00000, 0x000000070ed00000|  0%| F|  |TAMS 0x000000070ec00000, 0x000000070ec00000| Untracked 
| 223|0x000000070ed00000, 0x000000070ed00000, 0x000000070ee00000|  0%| F|  |TAMS 0x000000070ed00000, 0x000000070ed00000| Untracked 
| 224|0x000000070ee00000, 0x000000070ee00000, 0x000000070ef00000|  0%| F|  |TAMS 0x000000070ee00000, 0x000000070ee00000| Untracked 
| 225|0x000000070ef00000, 0x000000070ef00000, 0x000000070f000000|  0%| F|  |TAMS 0x000000070ef00000, 0x000000070ef00000| Untracked 
| 226|0x000000070f000000, 0x000000070f000000, 0x000000070f100000|  0%| F|  |TAMS 0x000000070f000000, 0x000000070f000000| Untracked 
| 227|0x000000070f100000, 0x000000070f100000, 0x000000070f200000|  0%| F|  |TAMS 0x000000070f100000, 0x000000070f100000| Untracked 
| 228|0x000000070f200000, 0x000000070f200000, 0x000000070f300000|  0%| F|  |TAMS 0x000000070f200000, 0x000000070f200000| Untracked 
| 229|0x000000070f300000, 0x000000070f300000, 0x000000070f400000|  0%| F|  |TAMS 0x000000070f300000, 0x000000070f300000| Untracked 
| 230|0x000000070f400000, 0x000000070f400000, 0x000000070f500000|  0%| F|  |TAMS 0x000000070f400000, 0x000000070f400000| Untracked 
| 231|0x000000070f500000, 0x000000070f500000, 0x000000070f600000|  0%| F|  |TAMS 0x000000070f500000, 0x000000070f500000| Untracked 
| 232|0x000000070f600000, 0x000000070f600000, 0x000000070f700000|  0%| F|  |TAMS 0x000000070f600000, 0x000000070f600000| Untracked 
| 233|0x000000070f700000, 0x000000070f700000, 0x000000070f800000|  0%| F|  |TAMS 0x000000070f700000, 0x000000070f700000| Untracked 
| 234|0x000000070f800000, 0x000000070f800000, 0x000000070f900000|  0%| F|  |TAMS 0x000000070f800000, 0x000000070f800000| Untracked 
| 235|0x000000070f900000, 0x000000070f900000, 0x000000070fa00000|  0%| F|  |TAMS 0x000000070f900000, 0x000000070f900000| Untracked 
| 236|0x000000070fa00000, 0x000000070fa00000, 0x000000070fb00000|  0%| F|  |TAMS 0x000000070fa00000, 0x000000070fa00000| Untracked 
| 237|0x000000070fb00000, 0x000000070fb00000, 0x000000070fc00000|  0%| F|  |TAMS 0x000000070fb00000, 0x000000070fb00000| Untracked 
| 238|0x000000070fc00000, 0x000000070fc00000, 0x000000070fd00000|  0%| F|  |TAMS 0x000000070fc00000, 0x000000070fc00000| Untracked 
| 239|0x000000070fd00000, 0x000000070fd00000, 0x000000070fe00000|  0%| F|  |TAMS 0x000000070fd00000, 0x000000070fd00000| Untracked 
| 240|0x000000070fe00000, 0x000000070fe00000, 0x000000070ff00000|  0%| F|  |TAMS 0x000000070fe00000, 0x000000070fe00000| Untracked 
| 241|0x000000070ff00000, 0x000000070ff00000, 0x0000000710000000|  0%| F|  |TAMS 0x000000070ff00000, 0x000000070ff00000| Untracked 
| 242|0x0000000710000000, 0x0000000710000000, 0x0000000710100000|  0%| F|  |TAMS 0x0000000710000000, 0x0000000710000000| Untracked 
| 243|0x0000000710100000, 0x0000000710100000, 0x0000000710200000|  0%| F|  |TAMS 0x0000000710100000, 0x0000000710100000| Untracked 
| 244|0x0000000710200000, 0x0000000710200000, 0x0000000710300000|  0%| F|  |TAMS 0x0000000710200000, 0x0000000710200000| Untracked 
| 245|0x0000000710300000, 0x0000000710300000, 0x0000000710400000|  0%| F|  |TAMS 0x0000000710300000, 0x0000000710300000| Untracked 
| 246|0x0000000710400000, 0x0000000710400000, 0x0000000710500000|  0%| F|  |TAMS 0x0000000710400000, 0x0000000710400000| Untracked 
| 247|0x0000000710500000, 0x0000000710500000, 0x0000000710600000|  0%| F|  |TAMS 0x0000000710500000, 0x0000000710500000| Untracked 
| 248|0x0000000710600000, 0x0000000710600000, 0x0000000710700000|  0%| F|  |TAMS 0x0000000710600000, 0x0000000710600000| Untracked 
| 249|0x0000000710700000, 0x0000000710700000, 0x0000000710800000|  0%| F|  |TAMS 0x0000000710700000, 0x0000000710700000| Untracked 
| 250|0x0000000710800000, 0x0000000710800000, 0x0000000710900000|  0%| F|  |TAMS 0x0000000710800000, 0x0000000710800000| Untracked 
| 251|0x0000000710900000, 0x0000000710900000, 0x0000000710a00000|  0%| F|  |TAMS 0x0000000710900000, 0x0000000710900000| Untracked 
| 252|0x0000000710a00000, 0x0000000710a00000, 0x0000000710b00000|  0%| F|  |TAMS 0x0000000710a00000, 0x0000000710a00000| Untracked 
| 253|0x0000000710b00000, 0x0000000710b00000, 0x0000000710c00000|  0%| F|  |TAMS 0x0000000710b00000, 0x0000000710b00000| Untracked 
| 254|0x0000000710c00000, 0x0000000710c00000, 0x0000000710d00000|  0%| F|  |TAMS 0x0000000710c00000, 0x0000000710c00000| Untracked 
| 255|0x0000000710d00000, 0x0000000710d00000, 0x0000000710e00000|  0%| F|  |TAMS 0x0000000710d00000, 0x0000000710d00000| Untracked 

Card table byte_map: [0x000000001a180000,0x000000001a980000] _byte_map_base: 0x0000000016979000

Marking Bits (Prev, Next): (CMBitMap*) 0x0000000023141260, (CMBitMap*) 0x0000000023141228
 Prev Bits: [0x000000001f150000, 0x0000000023118000)
 Next Bits: [0x000000001b180000, 0x000000001f148000)

Polling page: 0x0000000000230000

Metaspace:

Usage:
  Non-class:     26.95 MB capacity,    26.31 MB ( 98%) used,   534.30 KB (  2%) free+waste,   115.13 KB ( <1%) overhead. 
      Class:      4.29 MB capacity,     3.86 MB ( 90%) used,   371.49 KB (  8%) free+waste,    61.63 KB (  1%) overhead. 
       Both:     31.23 MB capacity,    30.18 MB ( 97%) used,   905.79 KB (  3%) free+waste,   176.75 KB ( <1%) overhead. 

Virtual space:
  Non-class space:       28.00 MB reserved,      27.00 MB ( 96%) committed 
      Class space:        1.00 GB reserved,       4.38 MB ( <1%) committed 
             Both:        1.03 GB reserved,      31.38 MB (  3%) committed 

Chunk freelists:
   Non-Class:  6.75 KB
       Class:  0 bytes
        Both:  6.75 KB

CodeHeap 'non-profiled nmethods': size=238336Kb used=5144Kb max_used=5144Kb free=233191Kb
 bounds [0x000000000a630000, 0x000000000ab40000, 0x0000000018ef0000]
CodeHeap 'non-nmethods': size=7424Kb used=1165Kb max_used=1165Kb free=6258Kb
 bounds [0x0000000009ef0000, 0x000000000a160000, 0x000000000a630000]
 total_blobs=3849 nmethods=3359 adapters=414
 compilation: enabled
              stopped_count=0, restarted_count=0
 full_count=0

Compilation events (10 events):
Event: 1.672 Thread 0x0000000026ad3000 3354       1       java.lang.CharacterDataLatin1::getPropertiesEx (11 bytes)
Event: 1.672 Thread 0x0000000026ad3000 nmethod 3354 0x000000000ab31f90 code [0x000000000ab32120, 0x000000000ab32218]
Event: 1.673 Thread 0x0000000026ad3000 3355       1       org.springframework.beans.factory.support.AbstractBeanFactory::isTypeMatch (607 bytes)
Event: 1.675 Thread 0x0000000026ad3000 nmethod 3355 0x000000000ab32310 code [0x000000000ab32700, 0x000000000ab33d58]
Event: 1.677 Thread 0x0000000026ad3000 3356       1       org.springframework.util.ConcurrentReferenceHashMap$Segment::findInChain (66 bytes)
Event: 1.677 Thread 0x0000000026ad3000 nmethod 3356 0x000000000ab34990 code [0x000000000ab34b60, 0x000000000ab34d18]
Event: 1.678 Thread 0x0000000026ad3000 3357       1       org.springframework.util.ConcurrentReferenceHashMap::get (37 bytes)
Event: 1.678 Thread 0x0000000026ad3000 nmethod 3357 0x000000000ab34e90 code [0x000000000ab35060, 0x000000000ab35248]
Event: 1.680 Thread 0x0000000026ad3000 3358       1       org.springframework.util.ReflectionUtils::isCglibRenamedMethod (79 bytes)
Event: 1.680 Thread 0x0000000026ad3000 nmethod 3358 0x000000000ab35410 code [0x000000000ab35620, 0x000000000ab35ac8]

GC Heap History (9 events):
Event: 0.498 GC heap before
{Heap before GC invocations=0 (full 0):
 garbage-first heap   total 262144K, used 24576K [0x0000000700e00000, 0x0000000800000000)
  region size 1024K, 24 young (24576K), 0 survivors (0K)
 Metaspace       used 13611K, capacity 13948K, committed 14208K, reserved 1062912K
  class space    used 1431K, capacity 1556K, committed 1664K, reserved 1048576K
}
Event: 0.524 GC heap after
{Heap after GC invocations=1 (full 0):
 garbage-first heap   total 262144K, used 7812K [0x0000000700e00000, 0x0000000800000000)
  region size 1024K, 3 young (3072K), 3 survivors (3072K)
 Metaspace       used 13611K, capacity 13948K, committed 14208K, reserved 1062912K
  class space    used 1431K, capacity 1556K, committed 1664K, reserved 1048576K
}
Event: 0.645 GC heap before
{Heap before GC invocations=1 (full 0):
 garbage-first heap   total 262144K, used 56964K [0x0000000700e00000, 0x0000000800000000)
  region size 1024K, 52 young (53248K), 3 survivors (3072K)
 Metaspace       used 15056K, capacity 15447K, committed 15744K, reserved 1062912K
  class space    used 1642K, capacity 1830K, committed 1920K, reserved 1048576K
}
Event: 0.648 GC heap after
{Heap after GC invocations=2 (full 0):
 garbage-first heap   total 262144K, used 8286K [0x0000000700e00000, 0x0000000800000000)
  region size 1024K, 4 young (4096K), 4 survivors (4096K)
 Metaspace       used 15056K, capacity 15447K, committed 15744K, reserved 1062912K
  class space    used 1642K, capacity 1830K, committed 1920K, reserved 1048576K
}
Event: 0.940 GC heap before
{Heap before GC invocations=2 (full 0):
 garbage-first heap   total 262144K, used 44126K [0x0000000700e00000, 0x0000000800000000)
  region size 1024K, 40 young (40960K), 4 survivors (4096K)
 Metaspace       used 20582K, capacity 21124K, committed 21296K, reserved 1069056K
  class space    used 2433K, capacity 2672K, committed 2688K, reserved 1048576K
}
Event: 0.943 GC heap after
{Heap after GC invocations=3 (full 0):
 garbage-first heap   total 262144K, used 9860K [0x0000000700e00000, 0x0000000800000000)
  region size 1024K, 5 young (5120K), 5 survivors (5120K)
 Metaspace       used 20582K, capacity 21124K, committed 21296K, reserved 1069056K
  class space    used 2433K, capacity 2672K, committed 2688K, reserved 1048576K
}
Event: 1.108 GC heap before
{Heap before GC invocations=4 (full 0):
 garbage-first heap   total 262144K, used 78468K [0x0000000700e00000, 0x0000000800000000)
  region size 1024K, 73 young (74752K), 5 survivors (5120K)
 Metaspace       used 24896K, capacity 25644K, committed 25984K, reserved 1071104K
  class space    used 3065K, capacity 3370K, committed 3456K, reserved 1048576K
}
Event: 1.114 GC heap after
{Heap after GC invocations=5 (full 0):
 garbage-first heap   total 262144K, used 11549K [0x0000000700e00000, 0x0000000800000000)
  region size 1024K, 7 young (7168K), 7 survivors (7168K)
 Metaspace       used 24896K, capacity 25644K, committed 25984K, reserved 1071104K
  class space    used 3065K, capacity 3370K, committed 3456K, reserved 1048576K
}
Event: 1.682 GC heap before
{Heap before GC invocations=5 (full 0):
 garbage-first heap   total 262144K, used 110877K [0x0000000700e00000, 0x0000000800000000)
  region size 1024K, 105 young (107520K), 7 survivors (7168K)
 Metaspace       used 30901K, capacity 31984K, committed 32128K, reserved 1077248K
  class space    used 3956K, capacity 4390K, committed 4480K, reserved 1048576K
}

Deoptimization events (0 events):
No events

Classes redefined (0 events):
No events

Internal exceptions (10 events):
Event: 1.182 Thread 0x0000000029385000 Exception <a 'java/lang/reflect/InvocationTargetException'{0x000000070f46a050}> (0x000000070f46a050) thrown at [./open/src/hotspot/share/runtime/reflection.cpp, line 1242]
Event: 1.197 Thread 0x000000002926e800 Exception <a 'java/lang/NoSuchMethodError'{0x000000070f21ae70}: java.lang.invoke.DirectMethodHandle$Holder.invokeInterface(Ljava/lang/Object;Ljava/lang/Object;Ljava/lang/Object;Ljava/lang/Object;)V> (0x000000070f21ae70) thrown at [./open/src/hotspot/share
Event: 1.363 Thread 0x00000000299f0800 Exception <a 'java/lang/NoSuchMethodError'{0x000000070dabd368}: java.lang.invoke.DirectMethodHandle$Holder.invokeStatic(Ljava/lang/Object;Ljava/lang/Object;Ljava/lang/Object;Ljava/lang/Object;Ljava/lang/Object;Ljava/lang/Object;Ljava/lang/Object;Ljava/lan
Event: 1.364 Thread 0x00000000299f0800 Exception <a 'java/lang/NoSuchMethodError'{0x000000070dac9b88}: java.lang.invoke.DirectMethodHandle$Holder.invokeStatic(Ljava/lang/Object;Ljava/lang/Object;Ljava/lang/Object;Ljava/lang/Object;Ljava/lang/Object;Ljava/lang/Object;Ljava/lang/Object;Ljava/lan
Event: 1.365 Thread 0x00000000299f0800 Exception <a 'java/lang/NoSuchMethodError'{0x000000070dae2db8}: java.lang.invoke.DelegatingMethodHandle$Holder.reinvoke_L(Ljava/lang/Object;ILjava/lang/Object;)Ljava/lang/Object;> (0x000000070dae2db8) thrown at [./open/src/hotspot/share/interpreter/linkRe
Event: 1.374 Thread 0x00000000299f0800 Exception <a 'java/lang/NoSuchMethodError'{0x000000070d8526b8}: static [B.<clinit>()V> (0x000000070d8526b8) thrown at [./open/src/hotspot/share/prims/jni.cpp, line 1366]
Event: 1.381 Thread 0x00000000299f0800 Exception <a 'java/lang/ClassNotFoundException'{0x000000070d615b40}: javax/management/remote/rmi/RMIConnectionImpl_Skel> (0x000000070d615b40) thrown at [./open/src/hotspot/share/classfile/systemDictionary.cpp, line 227]
Event: 1.382 Thread 0x0000000029a49800 Exception <a 'java/lang/NoSuchMethodError'{0x000000070d541f48}: java.lang.invoke.Invokers$Holder.linkToTargetMethod(Ljava/lang/Object;JLjava/lang/Object;)Ljava/lang/Object;> (0x000000070d541f48) thrown at [./open/src/hotspot/share/interpreter/linkResolver
Event: 1.386 Thread 0x00000000299f0800 Exception <a 'java/lang/reflect/InvocationTargetException'{0x000000070d649ad8}> (0x000000070d649ad8) thrown at [./open/src/hotspot/share/runtime/reflection.cpp, line 1242]
Event: 1.388 Thread 0x00000000299f0800 Exception <a 'java/lang/NoSuchMethodError'{0x000000070d66d090}: static [Ljava/lang/StackTraceElement;.<clinit>()V> (0x000000070d66d090) thrown at [./open/src/hotspot/share/prims/jni.cpp, line 1366]

Events (10 events):
Event: 1.679 loading class org/springframework/data/web/SortHandlerMethodArgumentResolverSupport done
Event: 1.680 loading class org/springframework/data/web/config/SortHandlerMethodArgumentResolverCustomizer
Event: 1.680 loading class org/springframework/data/web/config/SortHandlerMethodArgumentResolverCustomizer done
Event: 1.680 loading class org/springframework/data/web/config/SpringDataJacksonConfiguration
Event: 1.680 loading class org/springframework/data/web/config/SpringDataJacksonConfiguration done
Event: 1.680 loading class org/springframework/data/geo/GeoModule
Event: 1.680 loading class org/springframework/data/geo/GeoModule done
Event: 1.681 loading class org/springframework/boot/autoconfigure/data/web/SpringDataWebAutoConfiguration
Event: 1.681 loading class org/springframework/boot/autoconfigure/data/web/SpringDataWebAutoConfiguration done
Event: 1.682 Executing VM operation: G1CollectForAllocation


Dynamic libraries:
0x000000013fe20000 - 0x000000013fe2f000 	C:\Program Files\Java\jdk-11.0.13\bin\java.exe
0x0000000077840000 - 0x00000000779df000 	C:\Windows\SYSTEM32\ntdll.dll
0x0000000077620000 - 0x000000007773f000 	C:\Windows\system32\kernel32.dll
0x000007fefd650000 - 0x000007fefd6b7000 	C:\Windows\system32\KERNELBASE.dll
0x000007feeeb00000 - 0x000007feeeb18000 	C:\Program Files\Java\jdk-11.0.13\bin\jli.dll
0x000007fefd880000 - 0x000007fefd95b000 	C:\Windows\system32\ADVAPI32.dll
0x000007fefd7e0000 - 0x000007fefd87f000 	C:\Windows\system32\msvcrt.dll
0x000007fefd760000 - 0x000007fefd77f000 	C:\Windows\SYSTEM32\sechost.dll
0x000007fefe9e0000 - 0x000007fefeb0c000 	C:\Windows\system32\RPCRT4.dll
0x000007fefb830000 - 0x000007fefba25000 	C:\Windows\WinSxS\amd64_microsoft.windows.common-controls_6595b64144ccf1df_6.0.7601.24483_none_e372d88f30fbb845\COMCTL32.dll
0x000007fefe970000 - 0x000007fefe9d7000 	C:\Windows\system32\GDI32.dll
0x0000000077740000 - 0x000000007783b000 	C:\Windows\system32\USER32.dll
0x000007fefd750000 - 0x000007fefd75e000 	C:\Windows\system32\LPK.dll
0x000007feff580000 - 0x000007feff64b000 	C:\Windows\system32\USP10.dll
0x000007feff270000 - 0x000007feff2e1000 	C:\Windows\system32\SHLWAPI.dll
0x000007fefc420000 - 0x000007fefc42c000 	C:\Windows\system32\VERSION.dll
0x000007fee21c0000 - 0x000007fee21d5000 	C:\Program Files\Java\jdk-11.0.13\bin\VCRUNTIME140.dll
0x000007fefb1b0000 - 0x000007fefb1b4000 	C:\Program Files\Java\jdk-11.0.13\bin\api-ms-win-crt-runtime-l1-1-0.dll
0x000007fee0d90000 - 0x000007fee0e8a000 	C:\Program Files\Java\jdk-11.0.13\bin\ucrtbase.DLL
0x000007fefa2f0000 - 0x000007fefa2f3000 	C:\Program Files\Java\jdk-11.0.13\bin\api-ms-win-core-localization-l1-2-0.dll
0x000007fee5e60000 - 0x000007fee5e63000 	C:\Program Files\Java\jdk-11.0.13\bin\api-ms-win-core-processthreads-l1-1-1.dll
0x000007fee0d80000 - 0x000007fee0d83000 	C:\Program Files\Java\jdk-11.0.13\bin\api-ms-win-core-file-l1-2-0.dll
0x000007fee0d70000 - 0x000007fee0d73000 	C:\Program Files\Java\jdk-11.0.13\bin\api-ms-win-core-timezone-l1-1-0.dll
0x000007fee0d60000 - 0x000007fee0d63000 	C:\Program Files\Java\jdk-11.0.13\bin\api-ms-win-core-file-l2-1-0.dll
0x000007fee0d50000 - 0x000007fee0d53000 	C:\Program Files\Java\jdk-11.0.13\bin\api-ms-win-core-synch-l1-2-0.dll
0x000007fee0d40000 - 0x000007fee0d43000 	C:\Program Files\Java\jdk-11.0.13\bin\api-ms-win-crt-heap-l1-1-0.dll
0x000007fee0ce0000 - 0x000007fee0ce4000 	C:\Program Files\Java\jdk-11.0.13\bin\api-ms-win-crt-string-l1-1-0.dll
0x000007fedf760000 - 0x000007fedf764000 	C:\Program Files\Java\jdk-11.0.13\bin\api-ms-win-crt-stdio-l1-1-0.dll
0x000007fedf750000 - 0x000007fedf754000 	C:\Program Files\Java\jdk-11.0.13\bin\api-ms-win-crt-convert-l1-1-0.dll
0x000007fedf740000 - 0x000007fedf743000 	C:\Program Files\Java\jdk-11.0.13\bin\api-ms-win-crt-environment-l1-1-0.dll
0x000007fedf730000 - 0x000007fedf733000 	C:\Program Files\Java\jdk-11.0.13\bin\api-ms-win-crt-filesystem-l1-1-0.dll
0x000007fedf6e0000 - 0x000007fedf6e5000 	C:\Program Files\Java\jdk-11.0.13\bin\api-ms-win-crt-math-l1-1-0.dll
0x000007fedf6d0000 - 0x000007fedf6d3000 	C:\Program Files\Java\jdk-11.0.13\bin\api-ms-win-crt-locale-l1-1-0.dll
0x000007feffb00000 - 0x000007feffb2e000 	C:\Windows\system32\IMM32.DLL
0x000007feff2f0000 - 0x000007feff3fb000 	C:\Windows\system32\MSCTF.dll
0x000007fede320000 - 0x000007fede3bb000 	C:\Program Files\Java\jdk-11.0.13\bin\msvcp140.dll
0x000007fedf6c0000 - 0x000007fedf6c3000 	C:\Program Files\Java\jdk-11.0.13\bin\api-ms-win-crt-time-l1-1-0.dll
0x000007fedf6b0000 - 0x000007fedf6b3000 	C:\Program Files\Java\jdk-11.0.13\bin\api-ms-win-crt-utility-l1-1-0.dll
0x000007fec96e0000 - 0x000007feca1f3000 	C:\Program Files\Java\jdk-11.0.13\bin\server\jvm.dll
0x000007fef94d0000 - 0x000007fef94d9000 	C:\Windows\system32\WSOCK32.dll
0x000007fefef30000 - 0x000007fefef7d000 	C:\Windows\system32\WS2_32.dll
0x000007fefef20000 - 0x000007fefef28000 	C:\Windows\system32\NSI.dll
0x000007fefaa60000 - 0x000007fefaa9b000 	C:\Windows\system32\WINMM.dll
0x00000000779e0000 - 0x00000000779e7000 	C:\Windows\system32\PSAPI.DLL
0x000007fedf6a0000 - 0x000007fedf6b0000 	C:\Program Files\Java\jdk-11.0.13\bin\verify.dll
0x000007fef8000000 - 0x000007fef8125000 	C:\Windows\system32\DBGHELP.DLL
0x000007fedf670000 - 0x000007fedf698000 	C:\Program Files\Java\jdk-11.0.13\bin\java.dll
0x000007fedefb0000 - 0x000007fedefba000 	C:\Program Files\Java\jdk-11.0.13\bin\jimage.dll
0x000007feedd40000 - 0x000007feedd4e000 	C:\Program Files\Java\jdk-11.0.13\bin\instrument.dll
0x000007fedef90000 - 0x000007fedefa6000 	C:\Program Files\Java\jdk-11.0.13\bin\zip.dll
0x000007fefdbe0000 - 0x000007fefe96b000 	C:\Windows\system32\SHELL32.dll
0x000007fefeb90000 - 0x000007fefed8f000 	C:\Windows\system32\ole32.dll
0x000007fefd390000 - 0x000007fefd39f000 	C:\Windows\system32\profapi.dll
0x000007fedef70000 - 0x000007fedef89000 	C:\Program Files\Java\jdk-11.0.13\bin\net.dll
0x000007fef81a0000 - 0x000007fef8211000 	C:\Windows\system32\WINHTTP.dll
0x000007fef8130000 - 0x000007fef8194000 	C:\Windows\system32\webio.dll
0x000007fefcb10000 - 0x000007fefcb65000 	C:\Windows\system32\mswsock.dll
0x000007fefcb00000 - 0x000007fefcb07000 	C:\Windows\System32\wship6.dll
0x000007fedef50000 - 0x000007fedef62000 	C:\Program Files\Java\jdk-11.0.13\bin\nio.dll
0x000007fedef30000 - 0x000007fedef4a000 	C:\Program Files\JetBrains\IntelliJ IDEA 2021.3.1\bin\breakgen64.dll
0x000007fefc540000 - 0x000007fefc547000 	C:\Windows\System32\wshtcpip.dll
0x000007fefc990000 - 0x000007fefc9eb000 	C:\Windows\system32\DNSAPI.dll
0x000000006d880000 - 0x000000006d8a6000 	C:\Program Files\Bonjour\mdnsNSP.dll
0x000007fefb7c0000 - 0x000007fefb7e7000 	C:\Windows\system32\Iphlpapi.DLL
0x000007fefb7a0000 - 0x000007fefb7ab000 	C:\Windows\system32\WINNSI.DLL
0x000007fef7b30000 - 0x000007fef7b38000 	C:\Windows\system32\rasadhlp.dll
0x000007fefb650000 - 0x000007fefb6a3000 	C:\Windows\System32\fwpuclnt.dll
0x000007feedcf0000 - 0x000007feedcf9000 	C:\Program Files\Java\jdk-11.0.13\bin\management.dll
0x000007fedef20000 - 0x000007fedef2b000 	C:\Program Files\Java\jdk-11.0.13\bin\management_ext.dll
0x000007fefcb70000 - 0x000007fefcb88000 	C:\Windows\system32\CRYPTSP.dll
0x000007fefc870000 - 0x000007fefc8b7000 	C:\Windows\system32\rsaenh.dll
0x000007fefd730000 - 0x000007fefd74f000 	C:\Windows\system32\USERENV.dll
0x000007fefd230000 - 0x000007fefd23f000 	C:\Windows\system32\CRYPTBASE.dll
0x000007fefb2c0000 - 0x000007fefb2d8000 	C:\Windows\system32\dhcpcsvc.DLL
0x000007fefb2a0000 - 0x000007fefb2b1000 	C:\Windows\system32\dhcpcsvc6.DLL
0x000007fefbb00000 - 0x000007fefbb15000 	C:\Windows\system32\NLAapi.dll
0x000007fef7b10000 - 0x000007fef7b25000 	C:\Windows\system32\napinsp.dll
0x000007fef7af0000 - 0x000007fef7b09000 	C:\Windows\system32\pnrpnsp.dll
0x000007fef7ae0000 - 0x000007fef7aeb000 	C:\Windows\System32\winrnr.dll

dbghelp: loaded successfully - version: 4.0.5 - missing functions: none
symbol engine: initialized successfully - sym options: 0x614 - pdb path: .;C:\Program Files\Java\jdk-11.0.13\bin;C:\Windows\SYSTEM32;C:\Windows\WinSxS\amd64_microsoft.windows.common-controls_6595b64144ccf1df_6.0.7601.24483_none_e372d88f30fbb845;C:\Program Files\Java\jdk-11.0.13\bin\server;C:\Program Files\JetBrains\IntelliJ IDEA 2021.3.1\bin;C:\Program Files\Bonjour

VM Arguments:
jvm_args: -XX:TieredStopAtLevel=1 -Xverify:none -Dspring.output.ansi.enabled=always -Dcom.sun.management.jmxremote -Dspring.jmx.enabled=true -Dspring.liveBeansView.mbeanDomain -Dspring.application.admin.enabled=true -javaagent:C:\Program Files\JetBrains\IntelliJ IDEA 2021.3.1\lib\idea_rt.jar=51741:C:\Program Files\JetBrains\IntelliJ IDEA 2021.3.1\bin -Dfile.encoding=UTF-8 
java_command: com.generali.burritoorderingservice.BurritoOrderingServiceApplication
java_class_path (initial): C:\workspace\burrito-ordering-service\burrito-ordering-service\target\classes;C:\Users\PCUser\.m2\repository\org\springframework\boot\spring-boot-starter-actuator\2.5.9\spring-boot-starter-actuator-2.5.9.jar;C:\Users\PCUser\.m2\repository\org\springframework\boot\spring-boot-starter\2.5.9\spring-boot-starter-2.5.9.jar;C:\Users\PCUser\.m2\repository\org\springframework\boot\spring-boot-starter-logging\2.5.9\spring-boot-starter-logging-2.5.9.jar;C:\Users\PCUser\.m2\repository\ch\qos\logback\logback-classic\1.2.10\logback-classic-1.2.10.jar;C:\Users\PCUser\.m2\repository\ch\qos\logback\logback-core\1.2.10\logback-core-1.2.10.jar;C:\Users\PCUser\.m2\repository\org\apache\logging\log4j\log4j-to-slf4j\2.17.1\log4j-to-slf4j-2.17.1.jar;C:\Users\PCUser\.m2\repository\org\apache\logging\log4j\log4j-api\2.17.1\log4j-api-2.17.1.jar;C:\Users\PCUser\.m2\repository\org\slf4j\jul-to-slf4j\1.7.33\jul-to-slf4j-1.7.33.jar;C:\Users\PCUser\.m2\repository\jakarta\annotation\jakarta.annotation-api\1.3.5\jakarta.annotation-api-1.3.5.jar;C:\Users\PCUser\.m2\repository\org\yaml\snakeyaml\1.28\snakeyaml-1.28.jar;C:\Users\PCUser\.m2\repository\org\springframework\boot\spring-boot-actuator-autoconfigure\2.5.9\spring-boot-actuator-autoconfigure-2.5.9.jar;C:\Users\PCUser\.m2\repository\org\springframework\boot\spring-boot-actuator\2.5.9\spring-boot-actuator-2.5.9.jar;C:\Users\PCUser\.m2\repository\io\micrometer\micrometer-core\1.7.8\micrometer-core-1.7.8.jar;C:\Users\PCUser\.m2\repository\org\hdrhistogram\HdrHistogram\2.1.12\HdrHistogram-2.1.12.jar;C:\Users\PCUser\.m2\repository\org\latencyutils\LatencyUtils\2.0.3\LatencyUtils-2.0.3.jar;C:\Users\PCUser\.m2\repository\org\springframework\boot\spring-boot-starter-data-jpa\2.5.9\spring-boot-starter-data-jpa-2.5.9.jar;C:\Users\PCUser\.m2\repository\org\springframework\boot\spring-boot-starter-aop\2.5.9\spring-boot-starter-aop-2.5.9.jar;C:\Users\PCUser\.m2\repository\org\aspectj\aspectjweaver\1.9.7\aspectjweaver-1.9.7.jar;
Launcher Type: SUN_STANDARD

[Global flags]
     bool BytecodeVerificationLocal                = false                                     {product} {command line}
     bool BytecodeVerificationRemote               = false                                     {product} {command line}
     intx CICompilerCount                          = 4                                         {product} {ergonomic}
     uint ConcGCThreads                            = 2                                         {product} {ergonomic}
     uint G1ConcRefinementThreads                  = 8                                         {product} {ergonomic}
   size_t G1HeapRegionSize                         = 1048576                                   {product} {ergonomic}
    uintx GCDrainStackTargetSize                   = 64                                        {product} {ergonomic}
   size_t InitialHeapSize                          = 268435456                                 {product} {ergonomic}
     bool ManagementServer                         = true                                      {product} {command line}
   size_t MarkStackSize                            = 4194304                                   {product} {ergonomic}
   size_t MaxHeapSize                              = 4280287232                                {product} {ergonomic}
   size_t MaxNewSize                               = 2567962624                                {product} {ergonomic}
   size_t MinHeapDeltaBytes                        = 1048576                                   {product} {ergonomic}
    uintx NonNMethodCodeHeapSize                   = 7549744                                {pd product} {ergonomic}
    uintx NonProfiledCodeHeapSize                  = 244108496                              {pd product} {ergonomic}
    uintx ProfiledCodeHeapSize                     = 0                                      {pd product} {ergonomic}
    uintx ReservedCodeCacheSize                    = 251658240                              {pd product} {ergonomic}
     bool SegmentedCodeCache                       = true                                      {product} {ergonomic}
     intx TieredStopAtLevel                        = 1                                         {product} {command line}
     bool UseCompressedClassPointers               = true                                 {lp64_product} {ergonomic}
     bool UseCompressedOops                        = true                                 {lp64_product} {ergonomic}
     bool UseG1GC                                  = true                                      {product} {ergonomic}
     bool UseLargePagesIndividualAllocation        = false                                  {pd product} {ergonomic}

Logging:
Log output configuration:
 #0: stdout all=warning uptime,level,tags
 #1: stderr all=off uptime,level,tags

Environment Variables:
JAVA_HOME=C:\Program Files\Java\jdk1.8.0_45
PATH=C:\Program Files\Common Files\Oracle\Java\javapath;C:\Program Files (x86)\Common Files\Oracle\Java\javapath;C:\Python27;C:\Python27\Scripts;C:\ProgramData\Oracle\Java\javapath;C:\Program Files (x86)\Intel\iCLS Client\;C:\Program Files\Intel\iCLS Client\;C:\Windows\system32;C:\Windows;C:\Windows\System32\Wbem;C:\Windows\System32\WindowsPowerShell\v1.0\;C:\Program Files\Intel\Intel(R) Management Engine Components\DAL;C:\Program Files (x86)\Intel\Intel(R) Management Engine Components\DAL;C:\Program Files\Intel\Intel(R) Management Engine Components\IPT;C:\Program Files (x86)\Intel\Intel(R) Management Engine Components\IPT;C:\Program Files (x86)\ATI Technologies\ATI.ACE\Core-Static;C:\Program Files\Maven\apache-maven-3.3.9\bin;C:\Program Files (x86)\Yarn\bin;C:\Program Files\nodejs\;C:\Program Files\Git\cmd;C:\Program Files\PostgreSQL\10\bin;C:\Program Files\Microsoft VS Code\bin;C:\Users\PCUser\AppData\Local\Yarn\bin;C:\Users\PCUser\AppData\Roaming\npm;C:\Program Files\Heroku\bin;C:\Program Files\PostgreSQL\10\bin;C:\Program Files\Microsoft VS Code\bin;C:\Users\PCUser\AppData\Local\GitHubDesktop\bin
USERNAME=PCUser
OS=Windows_NT
PROCESSOR_IDENTIFIER=Intel64 Family 6 Model 60 Stepping 3, GenuineIntel



---------------  S Y S T E M  ---------------

OS: Windows 7 , 64 bit Build 7601 (6.1.7601.24545)

CPU:total 8 (initial active 8) (4 cores per cpu, 2 threads per core) family 6 model 60 stepping 3 microcode 0x0, cmov, cx8, fxsr, mmx, sse, sse2, sse3, ssse3, sse4.1, sse4.2, popcnt, avx, avx2, aes, clmul, erms, lzcnt, ht, tsc, tscinvbit, bmi1, bmi2, fma

Memory: 4k page, system-wide physical 16327M (4978M free)
TotalPageFile size 20421M (AvailPageFile size 54M)
current process WorkingSet (physical memory assigned to process): 207M, peak: 207M
current process commit charge ("private bytes"): 399M, peak: 491M

vm_info: Java HotSpot(TM) 64-Bit Server VM (11.0.13+10-LTS-370) for windows-amd64 JRE (11.0.13+10-LTS-370), built on Sep 15 2021 22:10:36 by "mach5one" with MS VC++ 15.9 (VS2017)

END.
